[SYSTEMERROR]-------[2021/5/24 16:16:38]--------
程序异常.
未能找到文件“D:\doc\2021\FileUpdate\UpdateForCSKYPF\UpdateForCSKYPF\bin\Debug\net5.0\Config.json”。   在 System.IO.__Error.WinIOError(Int32 errorCode, String maybeFullPath)
   在 System.IO.FileStream.Init(String path, FileMode mode, FileAccess access, Int32 rights, Boolean useRights, FileShare share, Int32 bufferSize, FileOptions options, SECURITY_ATTRIBUTES secAttrs, String msgPath, Boolean bFromProxy, Boolean useLongPath, Boolean checkHost)
   在 System.IO.FileStream..ctor(String path, FileMode mode, FileAccess access, FileShare share, Int32 bufferSize, FileOptions options, String msgPath, Boolean bFromProxy, Boolean useLongPath, Boolean checkHost)
   在 System.IO.StreamReader..ctor(String path, Encoding encoding, Boolean detectEncodingFromByteOrderMarks, Int32 bufferSize, Boolean checkHost)
   在 System.IO.File.InternalReadAllText(String path, Encoding encoding, Boolean checkHost)
   在 System.IO.File.ReadAllText(String path)
   在 Config.get_JObject()
   在 Config.TryGetValue[T](String path, T& data, Boolean mask)
   在 Config.GetValue[T](String path, Boolean mask)
   在 OPCExcuter.MainWindow.Window_Loaded(Object sender, RoutedEventArgs e) 位置 D:\D\归档文件夹\归档文件夹\OPC服务器通信软件\2.软件开发\2.1.程序源代码\2.1.1.源代码\OPCExcuter\MainWindow.xaml.cs:行号 38
   在 System.Windows.RoutedEventHandlerInfo.InvokeHandler(Object target, RoutedEventArgs routedEventArgs)
   在 System.Windows.EventRoute.InvokeHandlersImpl(Object source, RoutedEventArgs args, Boolean reRaised)
   在 System.Windows.UIElement.RaiseEventImpl(DependencyObject sender, RoutedEventArgs args)
   在 System.Windows.UIElement.RaiseEvent(RoutedEventArgs e)
   在 System.Windows.BroadcastEventHelper.BroadcastEvent(DependencyObject root, RoutedEvent routedEvent)
   在 System.Windows.BroadcastEventHelper.BroadcastLoadedEvent(Object root)
   在 MS.Internal.LoadedOrUnloadedOperation.DoWork()
   在 System.Windows.Media.MediaContext.FireLoadedPendingCallbacks()
   在 System.Windows.Media.MediaContext.FireInvokeOnRenderCallbacks()
   在 System.Windows.Media.MediaContext.RenderMessageHandlerCore(Object resizedCompositionTarget)
   在 System.Windows.Media.MediaContext.RenderMessageHandler(Object resizedCompositionTarget)
   在 System.Windows.Media.MediaContext.Resize(ICompositionTarget resizedCompositionTarget)
   在 System.Windows.Interop.HwndTarget.OnResize()
   在 System.Windows.Interop.HwndTarget.HandleMessage(WindowMessage msg, IntPtr wparam, IntPtr lparam)
   在 System.Windows.Interop.HwndSource.HwndTargetFilterMessage(IntPtr hwnd, Int32 msg, IntPtr wParam, IntPtr lParam, Boolean& handled)
   在 MS.Win32.HwndWrapper.WndProc(IntPtr hwnd, Int32 msg, IntPtr wParam, IntPtr lParam, Boolean& handled)
   在 MS.Win32.HwndSubclass.DispatcherCallbackOperation(Object o)
   在 System.Windows.Threading.ExceptionWrapper.InternalRealCall(Delegate callback, Object args, Int32 numArgs)
   在 System.Windows.Threading.ExceptionWrapper.TryCatchWhen(Object source, Delegate callback, Object args, Int32 numArgs, Delegate catchHandler)
[SYSTEMERROR]-------[2021/5/24 16:16:44]--------
程序异常.
未能找到文件“D:\doc\2021\FileUpdate\UpdateForCSKYPF\UpdateForCSKYPF\bin\Debug\net5.0\Config.json”。   在 System.IO.__Error.WinIOError(Int32 errorCode, String maybeFullPath)
   在 System.IO.FileStream.Init(String path, FileMode mode, FileAccess access, Int32 rights, Boolean useRights, FileShare share, Int32 bufferSize, FileOptions options, SECURITY_ATTRIBUTES secAttrs, String msgPath, Boolean bFromProxy, Boolean useLongPath, Boolean checkHost)
   在 System.IO.FileStream..ctor(String path, FileMode mode, FileAccess access, FileShare share, Int32 bufferSize, FileOptions options, String msgPath, Boolean bFromProxy, Boolean useLongPath, Boolean checkHost)
   在 System.IO.StreamReader..ctor(String path, Encoding encoding, Boolean detectEncodingFromByteOrderMarks, Int32 bufferSize, Boolean checkHost)
   在 System.IO.File.InternalReadAllText(String path, Encoding encoding, Boolean checkHost)
   在 System.IO.File.ReadAllText(String path)
   在 Config.get_JObject()
   在 Config.TryGetValue[T](String path, T& data, Boolean mask)
   在 Config.GetValue[T](String path, Boolean mask)
   在 OPCExcuter.MainWindow.Window_Closed(Object sender, CancelEventArgs e) 位置 D:\D\归档文件夹\归档文件夹\OPC服务器通信软件\2.软件开发\2.1.程序源代码\2.1.1.源代码\OPCExcuter\MainWindow.xaml.cs:行号 143
   在 System.Windows.Window.OnClosing(CancelEventArgs e)
   在 System.Windows.Window.WmClose()
   在 System.Windows.Window.WindowFilterMessage(IntPtr hwnd, Int32 msg, IntPtr wParam, IntPtr lParam, Boolean& handled)
   在 System.Windows.Interop.HwndSource.PublicHooksFilterMessage(IntPtr hwnd, Int32 msg, IntPtr wParam, IntPtr lParam, Boolean& handled)
   在 MS.Win32.HwndWrapper.WndProc(IntPtr hwnd, Int32 msg, IntPtr wParam, IntPtr lParam, Boolean& handled)
   在 MS.Win32.HwndSubclass.DispatcherCallbackOperation(Object o)
   在 System.Windows.Threading.ExceptionWrapper.InternalRealCall(Delegate callback, Object args, Int32 numArgs)
   在 System.Windows.Threading.ExceptionWrapper.TryCatchWhen(Object source, Delegate callback, Object args, Int32 numArgs, Delegate catchHandler)
[SYSTEMERROR]-------[2021/5/24 16:18:08]--------
程序异常.
未能找到文件“D:\doc\2021\FileUpdate\UpdateForCSKYPF\UpdateForCSKYPF\bin\Debug\net5.0\Config.json”。   在 System.IO.__Error.WinIOError(Int32 errorCode, String maybeFullPath)
   在 System.IO.FileStream.Init(String path, FileMode mode, FileAccess access, Int32 rights, Boolean useRights, FileShare share, Int32 bufferSize, FileOptions options, SECURITY_ATTRIBUTES secAttrs, String msgPath, Boolean bFromProxy, Boolean useLongPath, Boolean checkHost)
   在 System.IO.FileStream..ctor(String path, FileMode mode, FileAccess access, FileShare share, Int32 bufferSize, FileOptions options, String msgPath, Boolean bFromProxy, Boolean useLongPath, Boolean checkHost)
   在 System.IO.StreamReader..ctor(String path, Encoding encoding, Boolean detectEncodingFromByteOrderMarks, Int32 bufferSize, Boolean checkHost)
   在 System.IO.File.InternalReadAllText(String path, Encoding encoding, Boolean checkHost)
   在 System.IO.File.ReadAllText(String path)
   在 Config.get_JObject()
   在 Config.TryGetValue[T](String path, T& data, Boolean mask)
   在 Config.GetValue[T](String path, Boolean mask)
   在 OPCExcuter.MainWindow.Window_Loaded(Object sender, RoutedEventArgs e) 位置 D:\D\归档文件夹\归档文件夹\OPC服务器通信软件\2.软件开发\2.1.程序源代码\2.1.1.源代码\OPCExcuter\MainWindow.xaml.cs:行号 38
   在 System.Windows.RoutedEventHandlerInfo.InvokeHandler(Object target, RoutedEventArgs routedEventArgs)
   在 System.Windows.EventRoute.InvokeHandlersImpl(Object source, RoutedEventArgs args, Boolean reRaised)
   在 System.Windows.UIElement.RaiseEventImpl(DependencyObject sender, RoutedEventArgs args)
   在 System.Windows.UIElement.RaiseEvent(RoutedEventArgs e)
   在 System.Windows.BroadcastEventHelper.BroadcastEvent(DependencyObject root, RoutedEvent routedEvent)
   在 System.Windows.BroadcastEventHelper.BroadcastLoadedEvent(Object root)
   在 MS.Internal.LoadedOrUnloadedOperation.DoWork()
   在 System.Windows.Media.MediaContext.FireLoadedPendingCallbacks()
   在 System.Windows.Media.MediaContext.FireInvokeOnRenderCallbacks()
   在 System.Windows.Media.MediaContext.RenderMessageHandlerCore(Object resizedCompositionTarget)
   在 System.Windows.Media.MediaContext.RenderMessageHandler(Object resizedCompositionTarget)
   在 System.Windows.Media.MediaContext.Resize(ICompositionTarget resizedCompositionTarget)
   在 System.Windows.Interop.HwndTarget.OnResize()
   在 System.Windows.Interop.HwndTarget.HandleMessage(WindowMessage msg, IntPtr wparam, IntPtr lparam)
   在 System.Windows.Interop.HwndSource.HwndTargetFilterMessage(IntPtr hwnd, Int32 msg, IntPtr wParam, IntPtr lParam, Boolean& handled)
   在 MS.Win32.HwndWrapper.WndProc(IntPtr hwnd, Int32 msg, IntPtr wParam, IntPtr lParam, Boolean& handled)
   在 MS.Win32.HwndSubclass.DispatcherCallbackOperation(Object o)
   在 System.Windows.Threading.ExceptionWrapper.InternalRealCall(Delegate callback, Object args, Int32 numArgs)
   在 System.Windows.Threading.ExceptionWrapper.TryCatchWhen(Object source, Delegate callback, Object args, Int32 numArgs, Delegate catchHandler)
[SYSTEMERROR]-------[2021/5/24 16:18:12]--------
程序异常.
未能找到文件“D:\doc\2021\FileUpdate\UpdateForCSKYPF\UpdateForCSKYPF\bin\Debug\net5.0\Config.json”。   在 System.IO.__Error.WinIOError(Int32 errorCode, String maybeFullPath)
   在 System.IO.FileStream.Init(String path, FileMode mode, FileAccess access, Int32 rights, Boolean useRights, FileShare share, Int32 bufferSize, FileOptions options, SECURITY_ATTRIBUTES secAttrs, String msgPath, Boolean bFromProxy, Boolean useLongPath, Boolean checkHost)
   在 System.IO.FileStream..ctor(String path, FileMode mode, FileAccess access, FileShare share, Int32 bufferSize, FileOptions options, String msgPath, Boolean bFromProxy, Boolean useLongPath, Boolean checkHost)
   在 System.IO.StreamReader..ctor(String path, Encoding encoding, Boolean detectEncodingFromByteOrderMarks, Int32 bufferSize, Boolean checkHost)
   在 System.IO.File.InternalReadAllText(String path, Encoding encoding, Boolean checkHost)
   在 System.IO.File.ReadAllText(String path)
   在 Config.get_JObject()
   在 Config.TryGetValue[T](String path, T& data, Boolean mask)
   在 Config.GetValue[T](String path, Boolean mask)
   在 OPCExcuter.MainWindow.Window_Closed(Object sender, CancelEventArgs e) 位置 D:\D\归档文件夹\归档文件夹\OPC服务器通信软件\2.软件开发\2.1.程序源代码\2.1.1.源代码\OPCExcuter\MainWindow.xaml.cs:行号 143
   在 System.Windows.Window.OnClosing(CancelEventArgs e)
   在 System.Windows.Window.WmClose()
   在 System.Windows.Window.WindowFilterMessage(IntPtr hwnd, Int32 msg, IntPtr wParam, IntPtr lParam, Boolean& handled)
   在 System.Windows.Interop.HwndSource.PublicHooksFilterMessage(IntPtr hwnd, Int32 msg, IntPtr wParam, IntPtr lParam, Boolean& handled)
   在 MS.Win32.HwndWrapper.WndProc(IntPtr hwnd, Int32 msg, IntPtr wParam, IntPtr lParam, Boolean& handled)
   在 MS.Win32.HwndSubclass.DispatcherCallbackOperation(Object o)
   在 System.Windows.Threading.ExceptionWrapper.InternalRealCall(Delegate callback, Object args, Int32 numArgs)
   在 System.Windows.Threading.ExceptionWrapper.TryCatchWhen(Object source, Delegate callback, Object args, Int32 numArgs, Delegate catchHandler)
